<?xml version="1.0" encoding="UTF-8"?>
<!-- Generated by org.testng.reporters.JUnitXMLReporter -->
<testsuite hostname="LAPTOP-CLOFSUPE" ignored="0" name="Surefire test" tests="11" failures="0" timestamp="05 May 2021 10:54:25 GMT" time="175.05" errors="0">
  <testcase name="verifyAdminPageTitleTest" time="0.012" classname="com.crm.qa.testcases.AdminPageTest"/>
  <testcase name="verifyHomePageTitleTest" time="0.006" classname="com.crm.qa.testcases.HomePageTest"/>
  <testcase name="loginPageTitleTest" time="0.008" classname="com.crm.qa.testcases.LoginPageTest"/>
  <testcase name="addUserTest" time="1.382" classname="com.crm.qa.testcases.AdminPageTest"/>
  <testcase name="clickOnAdminLinkTest" time="2.018" classname="com.crm.qa.testcases.HomePageTest"/>
  <testcase name="verifyUserNameTest" time="0.067" classname="com.crm.qa.testcases.HomePageTest"/>
  <testcase name="crmLogoImageTest" time="0.057" classname="com.crm.qa.testcases.LoginPageTest"/>
  <testcase name="addUserWithDataDrivenApprochTest" time="1.311" classname="com.crm.qa.testcases.AdminPageTest"/>
  <testcase name="addUserWithDataDrivenApprochTest" time="1.438" classname="com.crm.qa.testcases.AdminPageTest"/>
  <testcase name="addUserWithDataDrivenApprochTest" time="1.348" classname="com.crm.qa.testcases.AdminPageTest"/>
  <testcase name="loginTest" time="5.632" classname="com.crm.qa.testcases.LoginPageTest"/>
</testsuite> <!-- Surefire test -->
