<?xml version="1.0" encoding="UTF-8"?>
<!-- Generated by org.testng.reporters.JUnitXMLReporter -->
<testsuite hostname="LAPTOP-CLOFSUPE" ignored="0" name="OrangeHRM App Test Cases" tests="6" failures="0" timestamp="05 May 2021 07:22:51 GMT" time="61.224" errors="0">
  <testcase name="loginPageTitleTest" time="0.009" classname="com.crm.qa.testcases.LoginPageTest"/>
  <testcase name="verifyHomePageTitleTest" time="0.006" classname="com.crm.qa.testcases.HomePageTest"/>
  <testcase name="crmLogoImageTest" time="0.055" classname="com.crm.qa.testcases.LoginPageTest"/>
  <testcase name="clickOnAdminLinkTest" time="1.788" classname="com.crm.qa.testcases.HomePageTest"/>
  <testcase name="verifyUserNameTest" time="0.058" classname="com.crm.qa.testcases.HomePageTest"/>
  <testcase name="loginTest" time="4.524" classname="com.crm.qa.testcases.LoginPageTest"/>
</testsuite> <!-- OrangeHRM App Test Cases -->
