<?xml version="1.0" encoding="UTF-8"?>
<testsuite xmlns:xsi="http://www.w3.org/2001/XMLSchema-instance" xsi:noNamespaceSchemaLocation="https://maven.apache.org/surefire/maven-surefire-plugin/xsd/surefire-test-report.xsd" name="TestSuite" time="176.311" tests="11" errors="0" skipped="0" failures="0">
  <properties>
[...]
</properties>
  <testcase name="verifyAdminPageTitleTest" classname="com.crm.qa.testcases.AdminPageTest" time="0.012"/>
  <testcase name="verifyHomePageTitleTest" classname="com.crm.qa.testcases.HomePageTest" time="0.007"/>
  <testcase name="loginPageTitleTest" classname="com.crm.qa.testcases.LoginPageTest" time="0.007"/>
  <testcase name="addUserTest" classname="com.crm.qa.testcases.AdminPageTest" time="1.383"/>
  <testcase name="clickOnAdminLinkTest" classname="com.crm.qa.testcases.HomePageTest" time="2.017"/>
  <testcase name="verifyUserNameTest" classname="com.crm.qa.testcases.HomePageTest" time="0.067"/>
  <testcase name="crmLogoImageTest" classname="com.crm.qa.testcases.LoginPageTest" time="0.057"/>
  <testcase name="addUserWithDataDrivenApprochTest" classname="com.crm.qa.testcases.AdminPageTest" time="1.312"/>
  <testcase name="addUserWithDataDrivenApprochTest" classname="com.crm.qa.testcases.AdminPageTest" time="1.439"/>
  <testcase name="addUserWithDataDrivenApprochTest" classname="com.crm.qa.testcases.AdminPageTest" time="1.347"/>
  <testcase name="loginTest" classname="com.crm.qa.testcases.LoginPageTest" time="5.633"/>
</testsuite>